<?xml version="1.0" encoding="UTF-8"?>
<!-- Generated by org.testng.reporters.JUnitReportReporter -->
<testsuite hostname="DESKTOP-FUE1VPB" failures="0" tests="1" name="tc_repository.LE_02" time="29.024" errors="0" timestamp="2024-07-29T14:33:55 IST" skipped="0">
  <testcase classname="tc_repository.LE_02" name="le02Tc" time="29.024"/>
  <system-out/>
</testsuite> <!-- tc_repository.LE_02 -->
