<?xml version="1.0" encoding="UTF-8"?>
<!-- Generated by org.testng.reporters.JUnitReportReporter -->
<testsuite hostname="DESKTOP-FUE1VPB" failures="0" tests="1" name="tc_repository.ORG_03" time="26.307" errors="0" timestamp="2024-07-30T13:39:15 IST" skipped="0">
  <testcase classname="tc_repository.ORG_03" name="ORG03" time="26.307"/>
  <system-out/>
</testsuite> <!-- tc_repository.ORG_03 -->
