<?xml version="1.0" encoding="UTF-8"?>
<!-- Generated by org.testng.reporters.JUnitReportReporter -->
<testsuite hostname="DESKTOP-FUE1VPB" failures="0" tests="1" name="objectRpository.program2" time="0.017" errors="0" timestamp="2024-07-28T18:36:51 IST" skipped="0">
  <testcase classname="objectRpository.program2" name="deleteuser" time="0.017"/>
  <system-out/>
</testsuite> <!-- objectRpository.program2 -->
