<?xml version="1.0" encoding="UTF-8"?>
<!-- Generated by org.testng.reporters.JUnitReportReporter -->
<testsuite hostname="DESKTOP-FUE1VPB" failures="0" tests="1" name="tc_repository.CON_01" time="69.768" errors="0" timestamp="2024-07-30T11:18:51 IST" skipped="0">
  <testcase classname="tc_repository.CON_01" name="con01Tc" time="69.768"/>
  <system-out/>
</testsuite> <!-- tc_repository.CON_01 -->
