<?xml version="1.0" encoding="UTF-8"?>
<!-- Generated by org.testng.reporters.JUnitReportReporter -->
<testsuite hostname="DESKTOP-FUE1VPB" failures="0" tests="1" name="tc_repository.ORG_4" time="26.253" errors="0" timestamp="2024-07-30T12:55:48 IST" skipped="0">
  <testcase classname="tc_repository.ORG_4" name="ORG01" time="26.253"/>
  <system-out/>
</testsuite> <!-- tc_repository.ORG_4 -->
