<?xml version="1.0" encoding="UTF-8"?>
<!-- Generated by org.testng.reporters.JUnitReportReporter -->
<testsuite hostname="DESKTOP-FUE1VPB" failures="0" tests="3" name="sample_Repo.Program1" time="0.017" errors="0" timestamp="2024-07-23T11:22:35 IST" skipped="0">
  <testcase classname="sample_Repo.Program1" name="createuser" time="0.013"/>
  <system-out/>
  <testcase classname="sample_Repo.Program1" name="modifyuser" time="0.002"/>
  <system-out/>
  <testcase classname="sample_Repo.Program1" name="deleteuser" time="0.002"/>
  <system-out/>
</testsuite> <!-- sample_Repo.Program1 -->
