<?xml version="1.0" encoding="UTF-8"?>
<!-- Generated by org.testng.reporters.JUnitReportReporter -->
<testsuite hostname="DESKTOP-FUE1VPB" failures="0" tests="1" name="tc_repository.LE_03" time="26.275" errors="0" timestamp="2024-07-29T14:34:49 IST" skipped="0">
  <testcase classname="tc_repository.LE_03" name="le03Tc" time="26.275"/>
  <system-out/>
</testsuite> <!-- tc_repository.LE_03 -->
